<?xml version="1.0" encoding="UTF-8"?>
<!-- Generated by org.testng.reporters.JUnitReportReporter -->
<testsuite hostname="DESKTOP-46ET0G2" failures="0" tests="1" name="serialRunnigAndPrallelRunninginTESTNG.myclass1" time="115.109" errors="0" timestamp="2022-06-25T14:19:47 IST" skipped="0">
  <testcase classname="serialRunnigAndPrallelRunninginTESTNG.myclass1" name="myMethod" time="115.109"/>
  <system-out>
    <![CDATA[kite app is runnig properly]]>
  </system-out>
</testsuite> <!-- serialRunnigAndPrallelRunninginTESTNG.myclass1 -->
