<?xml version="1.0" encoding="UTF-8"?>
<!-- Generated by org.testng.reporters.JUnitReportReporter -->
<testsuite hostname="DESKTOP-46ET0G2" failures="0" tests="2" name="testngkeywords.priorityuse" time="0.010" errors="0" timestamp="2022-06-24T15:02:26 IST" skipped="0">
  <testcase classname="testngkeywords.priorityuse" name="x" time="0.008"/>
  <system-out>
    <![CDATA[x method is runnig]]>
  </system-out>
  <testcase classname="testngkeywords.priorityuse" name="k" time="0.002"/>
  <system-out>
    <![CDATA[k method is running]]>
  </system-out>
</testsuite> <!-- testngkeywords.priorityuse -->
