<?xml version="1.0" encoding="UTF-8"?>
<!-- Generated by org.testng.reporters.JUnitReportReporter -->
<testsuite hostname="DESKTOP-46ET0G2" failures="0" tests="3" name="testngkeywords.EnabledUse" time="0.015" errors="0" timestamp="2022-06-23T12:46:04 IST" skipped="1">
  <testcase classname="testngkeywords.EnabledUse" name="k" time="0.013"/>
  <system-out>
    <![CDATA[k method is runnig]]>
  </system-out>
  <testcase classname="testngkeywords.EnabledUse" name="l" time="0.002"/>
  <system-out>
    <![CDATA[l method is running]]>
  </system-out>
  <testcase classname="testngkeywords.EnabledUse" name="b">
    <skipped/>
  </testcase> <!-- b -->
  <system-out/>
</testsuite> <!-- testngkeywords.EnabledUse -->
