<?xml version="1.0" encoding="UTF-8"?>
<!-- Generated by org.testng.reporters.JUnitReportReporter -->
<testsuite hostname="DESKTOP-46ET0G2" failures="0" tests="5" name="testngkeywords.InvocationCountStudy" time="0.017" errors="0" timestamp="2022-06-23T12:48:55 IST" skipped="0">
  <testcase classname="testngkeywords.InvocationCountStudy" name="z" time="0.003"/>
  <system-out>
    <![CDATA[z method is running ]]>
  </system-out>
  <testcase classname="testngkeywords.InvocationCountStudy" name="z" time="0.002"/>
  <system-out>
    <![CDATA[z method is running ]]>
  </system-out>
  <testcase classname="testngkeywords.InvocationCountStudy" name="a" time="0.001"/>
  <system-out>
    <![CDATA[a method is running]]>
  </system-out>
  <testcase classname="testngkeywords.InvocationCountStudy" name="z" time="0.002"/>
  <system-out>
    <![CDATA[z method is running ]]>
  </system-out>
  <testcase classname="testngkeywords.InvocationCountStudy" name="a" time="0.009"/>
  <system-out>
    <![CDATA[a method is running]]>
  </system-out>
</testsuite> <!-- testngkeywords.InvocationCountStudy -->
