<?xml version="1.0" encoding="UTF-8"?>
<!-- Generated by org.testng.reporters.JUnitReportReporter -->
<testsuite hostname="DESKTOP-46ET0G2" failures="0" tests="1" name="testngkeywords.Testclass4" time="0.016" errors="0" timestamp="2022-06-27T14:16:49 IST" skipped="0">
  <testcase classname="testngkeywords.Testclass4" name="n" time="0.016"/>
  <system-out>
    <![CDATA[n method is running]]>
  </system-out>
</testsuite> <!-- testngkeywords.Testclass4 -->
