<?xml version="1.0" encoding="UTF-8"?>
<!-- Generated by org.testng.reporters.JUnitReportReporter -->
<testsuite hostname="DESKTOP-46ET0G2" failures="0" tests="1" name="testngkeywords.testclass1" time="0.012" errors="0" timestamp="2022-06-24T15:31:27 IST" skipped="0">
  <testcase classname="testngkeywords.testclass1" name="p" time="0.012"/>
  <system-out>
    <![CDATA[p method is running]]>
  </system-out>
</testsuite> <!-- testngkeywords.testclass1 -->
