<?xml version="1.0" encoding="UTF-8"?>
<!-- Generated by org.testng.reporters.JUnitReportReporter -->
<testsuite hostname="DESKTOP-46ET0G2" failures="0" tests="2" name="testngkeywords.Testclass2" time="0.002" errors="0" timestamp="2022-06-24T15:31:27 IST" skipped="0">
  <testcase classname="testngkeywords.Testclass2" name="x" time="0.001"/>
  <system-out>
    <![CDATA[x method is running]]>
  </system-out>
  <testcase classname="testngkeywords.Testclass2" name="z" time="0.001"/>
  <system-out>
    <![CDATA[z method is running]]>
  </system-out>
</testsuite> <!-- testngkeywords.Testclass2 -->
