<?xml version="1.0" encoding="UTF-8"?>
<!-- Generated by org.testng.reporters.JUnitReportReporter -->
<testsuite hostname="DESKTOP-46ET0G2" failures="0" tests="2" name="testNGstudy.example2" time="143.456" errors="0" timestamp="2022-06-23T11:39:40 IST" skipped="0">
  <testcase classname="testNGstudy.example2" name="kiteapplogin" time="92.413"/>
  <system-out>
    <![CDATA[kite app is login succesfully]]>
  </system-out>
  <testcase classname="testNGstudy.example2" name="vctc" time="51.043"/>
  <system-out>
    <![CDATA[vctc app login succesfully]]>
  </system-out>
</testsuite> <!-- testNGstudy.example2 -->
