<?xml version="1.0" encoding="UTF-8"?>
<!-- Generated by org.testng.reporters.JUnitReportReporter -->
<testsuite hostname="DESKTOP-46ET0G2" failures="0" tests="5" name="testNGstudy.class2" time="0.008" errors="0" timestamp="2022-06-27T13:39:26 IST" skipped="0">
  <testcase classname="testNGstudy.class2" name="n" time="0.002"/>
  <system-out>
    <![CDATA[n method is running]]>
  </system-out>
  <testcase classname="testNGstudy.class2" name="p" time="0.002"/>
  <system-out>
    <![CDATA[p method is running]]>
  </system-out>
  <testcase classname="testNGstudy.class2" name="m" time="0.001"/>
  <system-out>
    <![CDATA[m method is running]]>
  </system-out>
  <testcase classname="testNGstudy.class2" name="o" time="0.002"/>
  <system-out>
    <![CDATA[o method is running]]>
  </system-out>
  <testcase classname="testNGstudy.class2" name="q" time="0.001"/>
  <system-out>
    <![CDATA[q method is running]]>
  </system-out>
</testsuite> <!-- testNGstudy.class2 -->
