<?xml version="1.0" encoding="UTF-8"?>
<!-- Generated by org.testng.reporters.JUnitReportReporter -->
<testsuite hostname="DESKTOP-46ET0G2" failures="0" tests="1" name="testNGstudy.ex1testng" time="88.113" errors="0" timestamp="2022-06-23T12:11:28 IST" skipped="0">
  <testcase classname="testNGstudy.ex1testng" name="kitelogin" time="88.113"/>
  <system-out>
    <![CDATA[i am reporter class
hi am reporter class 1]]>
  </system-out>
</testsuite> <!-- testNGstudy.ex1testng -->
