<?xml version="1.0" encoding="UTF-8"?>
<!-- Generated by org.testng.reporters.JUnitReportReporter -->
<testsuite hostname="DESKTOP-46ET0G2" failures="0" tests="2" name="testNGstudy.Anotation_Study" time="0.002" errors="0" timestamp="2022-06-23T12:11:28 IST" skipped="0">
  <testcase classname="testNGstudy.Anotation_Study" name="valiadteUserName" time="0.001"/>
  <system-out>
    <![CDATA[UserName is validated]]>
  </system-out>
  <testcase classname="testNGstudy.Anotation_Study" name="dasboardvaliadted" time="0.001"/>
  <system-out>
    <![CDATA[dasboard is validated]]>
  </system-out>
</testsuite> <!-- testNGstudy.Anotation_Study -->
